# JRE version: OpenJDK Runtime Environment (19.0+36) (build 19+36-2238)
# Java VM: OpenJDK 64-Bit Server VM (19+36-2238, mixed mode, emulated-client, sharing, tiered, compressed oops, compressed class ptrs, g1 gc, windows-amd64)
GC Precious Log:
 CardTable entry size: 512
 Card Set container configuration: InlinePtr #cards 4 size 8 Array Of Cards #cards 16 size 48 Howl #buckets 8 coarsen threshold 7372 Howl Bitmap #cards 1024 size 144 coarsen threshold 921 Card regions per heap region 1 cards per card region 8192
 CPUs: 12 total, 12 available
 Memory: 32679M
 Large Page Support: Disabled
 NUMA Support: Disabled
 Compressed Oops: Enabled (Zero based)
 Heap Region Size: 4M
 Heap Min Capacity: 8M
 Heap Initial Capacity: 512M
 Heap Max Capacity: 8172M
 Pre-touch: Disabled
 Parallel Workers: 10
 Concurrent Workers: 3
 Concurrent Refinement Workers: 10
 Periodic GC: Disabled
Heap:
 garbage-first heap   total 69632K, used 52019K [0x0000000601400000, 0x0000000800000000)
  region size 4096K, 7 young (28672K), 1 survivors (4096K)
 Metaspace       used 58905K, committed 59456K, reserved 1114112K
  class space    used 8191K, committed 8448K, reserved 1048576K
GC Heap History (20 events):
Event: 0.679 GC heap after
{Heap after GC invocations=2 (full 0):
 garbage-first heap   total 524288K, used 9003K [0x0000000601400000, 0x0000000800000000)
  region size 4096K, 1 young (4096K), 1 survivors (4096K)
 Metaspace       used 11913K, committed 12224K, reserved 1114112K
  class space    used 1532K, committed 1664K, reserved 1048576K
}
Event: 1.535 GC heap before
{Heap before GC invocations=2 (full 0):
 garbage-first heap   total 524288K, used 66347K [0x0000000601400000, 0x0000000800000000)
  region size 4096K, 17 young (69632K), 1 survivors (4096K)
 Metaspace       used 21119K, committed 21504K, reserved 1114112K
  class space    used 2726K, committed 2880K, reserved 1048576K
}
Event: 1.538 GC heap after
{Heap after GC invocations=3 (full 0):
 garbage-first heap   total 524288K, used 13147K [0x0000000601400000, 0x0000000800000000)
  region size 4096K, 2 young (8192K), 2 survivors (8192K)
 Metaspace       used 21119K, committed 21504K, reserved 1114112K
  class space    used 2726K, committed 2880K, reserved 1048576K
}
Event: 1.923 GC heap before
{Heap before GC invocations=4 (full 0):
 garbage-first heap   total 69632K, used 45915K [0x0000000601400000, 0x0000000800000000)
  region size 4096K, 10 young (40960K), 2 survivors (8192K)
 Metaspace       used 25558K, committed 25920K, reserved 1114112K
  class space    used 3417K, committed 3584K, reserved 1048576K
}
Event: 1.927 GC heap after
{Heap after GC invocations=5 (full 0):
 garbage-first heap   total 69632K, used 16090K [0x0000000601400000, 0x0000000800000000)
  region size 4096K, 1 young (4096K), 1 survivors (4096K)
 Metaspace       used 25558K, committed 25920K, reserved 1114112K
  class space    used 3417K, committed 3584K, reserved 1048576K
}
Event: 1.960 GC heap before
{Heap before GC invocations=5 (full 0):
 garbage-first heap   total 69632K, used 20186K [0x0000000601400000, 0x0000000800000000)
  region size 4096K, 2 young (8192K), 1 survivors (4096K)
 Metaspace       used 25983K, committed 26368K, reserved 1114112K
  class space    used 3517K, committed 3712K, reserved 1048576K
}
Event: 1.964 GC heap after
{Heap after GC invocations=6 (full 0):
 garbage-first heap   total 69632K, used 16501K [0x0000000601400000, 0x0000000800000000)
  region size 4096K, 1 young (4096K), 1 survivors (4096K)
 Metaspace       used 25983K, committed 26368K, reserved 1114112K
  class space    used 3517K, committed 3712K, reserved 1048576K
}
Event: 2.214 GC heap before
{Heap before GC invocations=6 (full 0):
 garbage-first heap   total 69632K, used 36981K [0x0000000601400000, 0x0000000800000000)
  region size 4096K, 7 young (28672K), 1 survivors (4096K)
 Metaspace       used 29649K, committed 30016K, reserved 1114112K
  class space    used 3984K, committed 4160K, reserved 1048576K
}
Event: 2.216 GC heap after
{Heap after GC invocations=7 (full 0):
 garbage-first heap   total 69632K, used 18178K [0x0000000601400000, 0x0000000800000000)
  region size 4096K, 1 young (4096K), 1 survivors (4096K)
 Metaspace       used 29649K, committed 30016K, reserved 1114112K
  class space    used 3984K, committed 4160K, reserved 1048576K
}
Event: 2.409 GC heap before
{Heap before GC invocations=7 (full 0):
 garbage-first heap   total 69632K, used 30466K [0x0000000601400000, 0x0000000800000000)
  region size 4096K, 5 young (20480K), 1 survivors (4096K)
 Metaspace       used 35556K, committed 35968K, reserved 1114112K
  class space    used 4693K, committed 4928K, reserved 1048576K
}
Event: 2.411 GC heap after
{Heap after GC invocations=8 (full 0):
 garbage-first heap   total 69632K, used 20461K [0x0000000601400000, 0x0000000800000000)
  region size 4096K, 1 young (4096K), 1 survivors (4096K)
 Metaspace       used 35556K, committed 35968K, reserved 1114112K
  class space    used 4693K, committed 4928K, reserved 1048576K
}
Event: 2.773 GC heap before
{Heap before GC invocations=9 (full 0):
 garbage-first heap   total 69632K, used 45037K [0x0000000601400000, 0x0000000800000000)
  region size 4096K, 8 young (32768K), 1 survivors (4096K)
 Metaspace       used 43183K, committed 43712K, reserved 1114112K
  class space    used 5886K, committed 6144K, reserved 1048576K
}
Event: 2.776 GC heap after
{Heap after GC invocations=10 (full 0):
 garbage-first heap   total 69632K, used 22540K [0x0000000601400000, 0x0000000800000000)
  region size 4096K, 1 young (4096K), 1 survivors (4096K)
 Metaspace       used 43183K, committed 43712K, reserved 1114112K
  class space    used 5886K, committed 6144K, reserved 1048576K
}
Event: 3.084 GC heap before
{Heap before GC invocations=10 (full 0):
 garbage-first heap   total 69632K, used 47116K [0x0000000601400000, 0x0000000800000000)
  region size 4096K, 7 young (28672K), 1 survivors (4096K)
 Metaspace       used 49418K, committed 49920K, reserved 1114112K
  class space    used 6815K, committed 7040K, reserved 1048576K
}
Event: 3.086 GC heap after
{Heap after GC invocations=11 (full 0):
 garbage-first heap   total 69632K, used 23455K [0x0000000601400000, 0x0000000800000000)
  region size 4096K, 1 young (4096K), 1 survivors (4096K)
 Metaspace       used 49418K, committed 49920K, reserved 1114112K
  class space    used 6815K, committed 7040K, reserved 1048576K
}
Event: 3.358 GC heap before
{Heap before GC invocations=11 (full 0):
 garbage-first heap   total 69632K, used 48031K [0x0000000601400000, 0x0000000800000000)
  region size 4096K, 7 young (28672K), 1 survivors (4096K)
 Metaspace       used 53578K, committed 54016K, reserved 1114112K
  class space    used 7399K, committed 7616K, reserved 1048576K
}
Event: 3.361 GC heap after
{Heap after GC invocations=12 (full 0):
 garbage-first heap   total 69632K, used 25416K [0x0000000601400000, 0x0000000800000000)
  region size 4096K, 1 young (4096K), 1 survivors (4096K)
 Metaspace       used 53578K, committed 54016K, reserved 1114112K
  class space    used 7399K, committed 7616K, reserved 1048576K
}
Event: 3.631 GC heap before
{Heap before GC invocations=12 (full 0):
 garbage-first heap   total 69632K, used 49992K [0x0000000601400000, 0x0000000800000000)
  region size 4096K, 7 young (28672K), 1 survivors (4096K)
 Metaspace       used 56482K, committed 56960K, reserved 1114112K
  class space    used 7819K, committed 8064K, reserved 1048576K
}
Event: 3.633 GC heap after
{Heap after GC invocations=13 (full 0):
 garbage-first heap   total 69632K, used 27443K [0x0000000601400000, 0x0000000800000000)
  region size 4096K, 1 young (4096K), 1 survivors (4096K)
 Metaspace       used 56482K, committed 56960K, reserved 1114112K
  class space    used 7819K, committed 8064K, reserved 1048576K
}
Event: 3.901 GC heap before
{Heap before GC invocations=13 (full 0):
 garbage-first heap   total 69632K, used 52019K [0x0000000601400000, 0x0000000800000000)
  region size 4096K, 7 young (28672K), 1 survivors (4096K)
 Metaspace       used 58905K, committed 59456K, reserved 1114112K
  class space    used 8191K, committed 8448K, reserved 1048576K
}

